TTF2BMH version 2.1(c) JD Morise
====================================================================
rancho_regular_8.h
rancho_regular_12.h
rancho_regular_16.h
rancho_regular_20.h
rancho_regular_24.h
rancho_regular_32.h
rancho_regular_40.h
rancho_regular_48.h
rancho_regular_56.h
rancho_regular_64.h
redressed_regular_8.h
redressed_regular_12.h
redressed_regular_16.h
redressed_regular_20.h
redressed_regular_24.h
redressed_regular_32.h
redressed_regular_40.h
redressed_regular_48.h
redressed_regular_56.h
redressed_regular_64.h
aclonica_regular_8.h
aclonica_regular_12.h
aclonica_regular_16.h
aclonica_regular_20.h
aclonica_regular_24.h
aclonica_regular_32.h
aclonica_regular_40.h
aclonica_regular_48.h
aclonica_regular_56.h
aclonica_regular_64.h
ultra_regular_8.h
ultra_regular_12.h
ultra_regular_16.h
ultra_regular_20.h
ultra_regular_24.h
ultra_regular_32.h
ultra_regular_40.h
ultra_regular_48.h
ultra_regular_56.h
ultra_regular_64.h
walter_turncoat_regular_8.h
walter_turncoat_regular_12.h
walter_turncoat_regular_16.h
walter_turncoat_regular_20.h
walter_turncoat_regular_24.h
walter_turncoat_regular_32.h
walter_turncoat_regular_40.h
walter_turncoat_regular_48.h
walter_turncoat_regular_56.h
walter_turncoat_regular_64.h
rock_salt_regular_8.h
rock_salt_regular_12.h
rock_salt_regular_16.h
rock_salt_regular_20.h
rock_salt_regular_24.h
rock_salt_regular_32.h
rock_salt_regular_40.h
rock_salt_regular_48.h
rock_salt_regular_56.h
rock_salt_regular_64.h
open_sans_hebrew_8.h
open_sans_hebrew_12.h
open_sans_hebrew_16.h
open_sans_hebrew_20.h
open_sans_hebrew_24.h
open_sans_hebrew_32.h
open_sans_hebrew_40.h
open_sans_hebrew_48.h
open_sans_hebrew_56.h
open_sans_hebrew_64.h
open_sans_hebrew_italic_8.h
open_sans_hebrew_italic_12.h
open_sans_hebrew_italic_16.h
open_sans_hebrew_italic_20.h
open_sans_hebrew_italic_24.h
open_sans_hebrew_italic_32.h
open_sans_hebrew_italic_40.h
open_sans_hebrew_italic_48.h
open_sans_hebrew_italic_56.h
open_sans_hebrew_italic_64.h
open_sans_hebrew_light_8.h
open_sans_hebrew_light_12.h
open_sans_hebrew_light_16.h
open_sans_hebrew_light_20.h
open_sans_hebrew_light_24.h
open_sans_hebrew_light_32.h
open_sans_hebrew_light_40.h
open_sans_hebrew_light_48.h
open_sans_hebrew_light_56.h
open_sans_hebrew_light_64.h
open_sans_hebrew_light_italic_8.h
open_sans_hebrew_light_italic_12.h
open_sans_hebrew_light_italic_16.h
open_sans_hebrew_light_italic_20.h
open_sans_hebrew_light_italic_24.h
open_sans_hebrew_light_italic_32.h
open_sans_hebrew_light_italic_40.h
open_sans_hebrew_light_italic_48.h
open_sans_hebrew_light_italic_56.h
open_sans_hebrew_light_italic_64.h
open_sans_hebrew_bold_8.h
open_sans_hebrew_bold_12.h
open_sans_hebrew_bold_16.h
open_sans_hebrew_bold_20.h
open_sans_hebrew_bold_24.h
open_sans_hebrew_bold_32.h
open_sans_hebrew_bold_40.h
open_sans_hebrew_bold_48.h
open_sans_hebrew_bold_56.h
open_sans_hebrew_bold_64.h
open_sans_hebrew_extra_bold_8.h
open_sans_hebrew_extra_bold_12.h
open_sans_hebrew_extra_bold_16.h
open_sans_hebrew_extra_bold_20.h
open_sans_hebrew_extra_bold_24.h
open_sans_hebrew_extra_bold_32.h
open_sans_hebrew_extra_bold_40.h
open_sans_hebrew_extra_bold_48.h
open_sans_hebrew_extra_bold_56.h
open_sans_hebrew_extra_bold_64.h
open_sans_hebrew_bold_italic_8.h
open_sans_hebrew_bold_italic_12.h
open_sans_hebrew_bold_italic_16.h
open_sans_hebrew_bold_italic_20.h
open_sans_hebrew_bold_italic_24.h
open_sans_hebrew_bold_italic_32.h
open_sans_hebrew_bold_italic_40.h
open_sans_hebrew_bold_italic_48.h
open_sans_hebrew_bold_italic_56.h
open_sans_hebrew_bold_italic_64.h
open_sans_hebrew_extra_bold_italic_8.h
open_sans_hebrew_extra_bold_italic_12.h
open_sans_hebrew_extra_bold_italic_16.h
open_sans_hebrew_extra_bold_italic_20.h
open_sans_hebrew_extra_bold_italic_24.h
open_sans_hebrew_extra_bold_italic_32.h
open_sans_hebrew_extra_bold_italic_40.h
open_sans_hebrew_extra_bold_italic_48.h
open_sans_hebrew_extra_bold_italic_56.h
open_sans_hebrew_extra_bold_italic_64.h
calligraffitti_regular_8.h
calligraffitti_regular_12.h
calligraffitti_regular_16.h
calligraffitti_regular_20.h
calligraffitti_regular_24.h
calligraffitti_regular_32.h
calligraffitti_regular_40.h
calligraffitti_regular_48.h
calligraffitti_regular_56.h
calligraffitti_regular_64.h
creepster_caps_regular_8.h
creepster_caps_regular_12.h
creepster_caps_regular_16.h
creepster_caps_regular_20.h
creepster_caps_regular_24.h
creepster_caps_regular_32.h
creepster_caps_regular_40.h
creepster_caps_regular_48.h
creepster_caps_regular_56.h
creepster_caps_regular_64.h
permanent_marker_regular_8.h
permanent_marker_regular_12.h
permanent_marker_regular_16.h
permanent_marker_regular_20.h
permanent_marker_regular_24.h
permanent_marker_regular_32.h
permanent_marker_regular_40.h
permanent_marker_regular_48.h
permanent_marker_regular_56.h
permanent_marker_regular_64.h
yellowtail_regular_8.h
yellowtail_regular_12.h
yellowtail_regular_16.h
yellowtail_regular_20.h
yellowtail_regular_24.h
yellowtail_regular_32.h
yellowtail_regular_40.h
yellowtail_regular_48.h
yellowtail_regular_56.h
yellowtail_regular_64.h
open_sans_hebrew_condensed_light_italic_8.h
open_sans_hebrew_condensed_light_italic_12.h
open_sans_hebrew_condensed_light_italic_16.h
open_sans_hebrew_condensed_light_italic_20.h
open_sans_hebrew_condensed_light_italic_24.h
open_sans_hebrew_condensed_light_italic_32.h
open_sans_hebrew_condensed_light_italic_40.h
open_sans_hebrew_condensed_light_italic_48.h
open_sans_hebrew_condensed_light_italic_56.h
open_sans_hebrew_condensed_light_italic_64.h
open_sans_hebrew_condensed_extra_bold_italic_8.h
open_sans_hebrew_condensed_extra_bold_italic_12.h
open_sans_hebrew_condensed_extra_bold_italic_16.h
open_sans_hebrew_condensed_extra_bold_italic_20.h
open_sans_hebrew_condensed_extra_bold_italic_24.h
open_sans_hebrew_condensed_extra_bold_italic_32.h
open_sans_hebrew_condensed_extra_bold_italic_40.h
open_sans_hebrew_condensed_extra_bold_italic_48.h
open_sans_hebrew_condensed_extra_bold_italic_56.h
open_sans_hebrew_condensed_extra_bold_italic_64.h
open_sans_hebrew_condensed_bold_italic_8.h
open_sans_hebrew_condensed_bold_italic_12.h
open_sans_hebrew_condensed_bold_italic_16.h
open_sans_hebrew_condensed_bold_italic_20.h
open_sans_hebrew_condensed_bold_italic_24.h
open_sans_hebrew_condensed_bold_italic_32.h
open_sans_hebrew_condensed_bold_italic_40.h
open_sans_hebrew_condensed_bold_italic_48.h
open_sans_hebrew_condensed_bold_italic_56.h
open_sans_hebrew_condensed_bold_italic_64.h
open_sans_hebrew_condensed_extra_bold_8.h
open_sans_hebrew_condensed_extra_bold_12.h
open_sans_hebrew_condensed_extra_bold_16.h
open_sans_hebrew_condensed_extra_bold_20.h
open_sans_hebrew_condensed_extra_bold_24.h
open_sans_hebrew_condensed_extra_bold_32.h
open_sans_hebrew_condensed_extra_bold_40.h
open_sans_hebrew_condensed_extra_bold_48.h
open_sans_hebrew_condensed_extra_bold_56.h
open_sans_hebrew_condensed_extra_bold_64.h
open_sans_hebrew_condensed_italic_8.h
open_sans_hebrew_condensed_italic_12.h
open_sans_hebrew_condensed_italic_16.h
open_sans_hebrew_condensed_italic_20.h
open_sans_hebrew_condensed_italic_24.h
open_sans_hebrew_condensed_italic_32.h
open_sans_hebrew_condensed_italic_40.h
open_sans_hebrew_condensed_italic_48.h
open_sans_hebrew_condensed_italic_56.h
open_sans_hebrew_condensed_italic_64.h
open_sans_hebrew_condensed_light_8.h
open_sans_hebrew_condensed_light_12.h
open_sans_hebrew_condensed_light_16.h
open_sans_hebrew_condensed_light_20.h
open_sans_hebrew_condensed_light_24.h
open_sans_hebrew_condensed_light_32.h
open_sans_hebrew_condensed_light_40.h
open_sans_hebrew_condensed_light_48.h
open_sans_hebrew_condensed_light_56.h
open_sans_hebrew_condensed_light_64.h
open_sans_hebrew_condensed_8.h
open_sans_hebrew_condensed_12.h
open_sans_hebrew_condensed_16.h
open_sans_hebrew_condensed_20.h
open_sans_hebrew_condensed_24.h
open_sans_hebrew_condensed_32.h
open_sans_hebrew_condensed_40.h
open_sans_hebrew_condensed_48.h
open_sans_hebrew_condensed_56.h
open_sans_hebrew_condensed_64.h
open_sans_hebrew_condensed_bold_8.h
open_sans_hebrew_condensed_bold_12.h
open_sans_hebrew_condensed_bold_16.h
open_sans_hebrew_condensed_bold_20.h
open_sans_hebrew_condensed_bold_24.h
open_sans_hebrew_condensed_bold_32.h
open_sans_hebrew_condensed_bold_40.h
open_sans_hebrew_condensed_bold_48.h
open_sans_hebrew_condensed_bold_56.h
open_sans_hebrew_condensed_bold_64.h
tinos_bold_italic_8.h
tinos_bold_italic_12.h
tinos_bold_italic_16.h
tinos_bold_italic_20.h
tinos_bold_italic_24.h
tinos_bold_italic_32.h
tinos_bold_italic_40.h
tinos_bold_italic_48.h
tinos_bold_italic_56.h
tinos_bold_italic_64.h
tinos_bold_8.h
tinos_bold_12.h
tinos_bold_16.h
tinos_bold_20.h
tinos_bold_24.h
tinos_bold_32.h
tinos_bold_40.h
tinos_bold_48.h
tinos_bold_56.h
tinos_bold_64.h
tinos_regular_8.h
tinos_regular_12.h
tinos_regular_16.h
tinos_regular_20.h
tinos_regular_24.h
tinos_regular_32.h
tinos_regular_40.h
tinos_regular_48.h
tinos_regular_56.h
tinos_regular_64.h
tinos_italic_8.h
tinos_italic_12.h
tinos_italic_16.h
tinos_italic_20.h
tinos_italic_24.h
tinos_italic_32.h
tinos_italic_40.h
tinos_italic_48.h
tinos_italic_56.h
tinos_italic_64.h
jsmath-cmsy10_8.h
jsmath-cmsy10_12.h
jsmath-cmsy10_16.h
jsmath-cmsy10_20.h
jsmath-cmsy10_24.h
jsmath-cmsy10_32.h
jsmath-cmsy10_40.h
jsmath-cmsy10_48.h
jsmath-cmsy10_56.h
jsmath-cmsy10_64.h
arimo_bold_8.h
arimo_bold_12.h
arimo_bold_16.h
arimo_bold_20.h
arimo_bold_24.h
arimo_bold_32.h
arimo_bold_40.h
arimo_bold_48.h
arimo_bold_56.h
arimo_bold_64.h
arimo_bold_italic_8.h
arimo_bold_italic_12.h
arimo_bold_italic_16.h
arimo_bold_italic_20.h
arimo_bold_italic_24.h
arimo_bold_italic_32.h
arimo_bold_italic_40.h
arimo_bold_italic_48.h
arimo_bold_italic_56.h
arimo_bold_italic_64.h
arimo_italic_8.h
arimo_italic_12.h
arimo_italic_16.h
arimo_italic_20.h
arimo_italic_24.h
arimo_italic_32.h
arimo_italic_40.h
arimo_italic_48.h
arimo_italic_56.h
arimo_italic_64.h
arimo_regular_8.h
arimo_regular_12.h
arimo_regular_16.h
arimo_regular_20.h
arimo_regular_24.h
arimo_regular_32.h
arimo_regular_40.h
arimo_regular_48.h
arimo_regular_56.h
arimo_regular_64.h
slackey_regular_8.h
slackey_regular_12.h
slackey_regular_16.h
slackey_regular_20.h
slackey_regular_24.h
slackey_regular_32.h
slackey_regular_40.h
slackey_regular_48.h
slackey_regular_56.h
slackey_regular_64.h
jsmath-cmti10_8.h
jsmath-cmti10_12.h
jsmath-cmti10_16.h
jsmath-cmti10_20.h
jsmath-cmti10_24.h
jsmath-cmti10_32.h
jsmath-cmti10_40.h
jsmath-cmti10_48.h
jsmath-cmti10_56.h
jsmath-cmti10_64.h
kranky_regular_8.h
kranky_regular_12.h
kranky_regular_16.h
kranky_regular_20.h
kranky_regular_24.h
kranky_regular_32.h
kranky_regular_40.h
kranky_regular_48.h
kranky_regular_56.h
kranky_regular_64.h
schoolbell_regular_8.h
schoolbell_regular_12.h
schoolbell_regular_16.h
schoolbell_regular_20.h
schoolbell_regular_24.h
schoolbell_regular_32.h
schoolbell_regular_40.h
schoolbell_regular_48.h
schoolbell_regular_56.h
schoolbell_regular_64.h
montez_regular_8.h
montez_regular_12.h
montez_regular_16.h
montez_regular_20.h
montez_regular_24.h
montez_regular_32.h
montez_regular_40.h
montez_regular_48.h
montez_regular_56.h
montez_regular_64.h
unkempt_bold_8.h
unkempt_bold_12.h
unkempt_bold_16.h
unkempt_bold_20.h
unkempt_bold_24.h
unkempt_bold_32.h
unkempt_bold_40.h
unkempt_bold_48.h
unkempt_bold_56.h
unkempt_bold_64.h
unkempt_regular_8.h
unkempt_regular_12.h
unkempt_regular_16.h
unkempt_regular_20.h
unkempt_regular_24.h
unkempt_regular_32.h
unkempt_regular_40.h
unkempt_regular_48.h
unkempt_regular_56.h
unkempt_regular_64.h
mountains_of_christmas_regular_8.h
mountains_of_christmas_regular_12.h
mountains_of_christmas_regular_16.h
mountains_of_christmas_regular_20.h
mountains_of_christmas_regular_24.h
mountains_of_christmas_regular_32.h
mountains_of_christmas_regular_40.h
mountains_of_christmas_regular_48.h
mountains_of_christmas_regular_56.h
mountains_of_christmas_regular_64.h
mountains_of_christmas_bold_8.h
mountains_of_christmas_bold_12.h
mountains_of_christmas_bold_16.h
mountains_of_christmas_bold_20.h
mountains_of_christmas_bold_24.h
mountains_of_christmas_bold_32.h
mountains_of_christmas_bold_40.h
mountains_of_christmas_bold_48.h
mountains_of_christmas_bold_56.h
mountains_of_christmas_bold_64.h
satisfy_regular_8.h
satisfy_regular_12.h
satisfy_regular_16.h
satisfy_regular_20.h
satisfy_regular_24.h
satisfy_regular_32.h
satisfy_regular_40.h
satisfy_regular_48.h
satisfy_regular_56.h
satisfy_regular_64.h
luckiest_guy_regular_8.h
luckiest_guy_regular_12.h
luckiest_guy_regular_16.h
luckiest_guy_regular_20.h
luckiest_guy_regular_24.h
luckiest_guy_regular_32.h
luckiest_guy_regular_40.h
luckiest_guy_regular_48.h
luckiest_guy_regular_56.h
luckiest_guy_regular_64.h
fontdiner_swanky_regular_8.h
fontdiner_swanky_regular_12.h
fontdiner_swanky_regular_16.h
fontdiner_swanky_regular_20.h
fontdiner_swanky_regular_24.h
fontdiner_swanky_regular_32.h
fontdiner_swanky_regular_40.h
fontdiner_swanky_regular_48.h
fontdiner_swanky_regular_56.h
fontdiner_swanky_regular_64.h
smokum_regular_8.h
smokum_regular_12.h
smokum_regular_16.h
smokum_regular_20.h
smokum_regular_24.h
smokum_regular_32.h
smokum_regular_40.h
smokum_regular_48.h
smokum_regular_56.h
smokum_regular_64.h
roboto_slab_light_8.h
roboto_slab_light_12.h
roboto_slab_light_16.h
roboto_slab_light_20.h
roboto_slab_light_24.h
roboto_slab_light_32.h
roboto_slab_light_40.h
roboto_slab_light_48.h
roboto_slab_light_56.h
roboto_slab_light_64.h
roboto_slab_regular_8.h
roboto_slab_regular_12.h
roboto_slab_regular_16.h
roboto_slab_regular_20.h
roboto_slab_regular_24.h
roboto_slab_regular_32.h
roboto_slab_regular_40.h
roboto_slab_regular_48.h
roboto_slab_regular_56.h
roboto_slab_regular_64.h
roboto_slab_bold_8.h
roboto_slab_bold_12.h
roboto_slab_bold_16.h
roboto_slab_bold_20.h
roboto_slab_bold_24.h
roboto_slab_bold_32.h
roboto_slab_bold_40.h
roboto_slab_bold_48.h
roboto_slab_bold_56.h
roboto_slab_bold_64.h
roboto_slab_thin_8.h
roboto_slab_thin_12.h
roboto_slab_thin_16.h
roboto_slab_thin_20.h
roboto_slab_thin_24.h
roboto_slab_thin_32.h
roboto_slab_thin_40.h
roboto_slab_thin_48.h
roboto_slab_thin_56.h
roboto_slab_thin_64.h
homemade_apple_regular_8.h
homemade_apple_regular_12.h
homemade_apple_regular_16.h
homemade_apple_regular_20.h
homemade_apple_regular_24.h
homemade_apple_regular_32.h
homemade_apple_regular_40.h
homemade_apple_regular_48.h
homemade_apple_regular_56.h
homemade_apple_regular_64.h
jsmath-cmbx10_8.h
jsmath-cmbx10_12.h
jsmath-cmbx10_16.h
jsmath-cmbx10_20.h
jsmath-cmbx10_24.h
jsmath-cmbx10_32.h
jsmath-cmbx10_40.h
jsmath-cmbx10_48.h
jsmath-cmbx10_56.h
jsmath-cmbx10_64.h
maiden_orange_regular_8.h
maiden_orange_regular_12.h
maiden_orange_regular_16.h
maiden_orange_regular_20.h
maiden_orange_regular_24.h
maiden_orange_regular_32.h
maiden_orange_regular_40.h
maiden_orange_regular_48.h
maiden_orange_regular_56.h
maiden_orange_regular_64.h
syncopate_bold_8.h
syncopate_bold_12.h
syncopate_bold_16.h
syncopate_bold_20.h
syncopate_bold_24.h
syncopate_bold_32.h
syncopate_bold_40.h
syncopate_bold_48.h
syncopate_bold_56.h
syncopate_bold_64.h
syncopate_regular_8.h
syncopate_regular_12.h
syncopate_regular_16.h
syncopate_regular_20.h
syncopate_regular_24.h
syncopate_regular_32.h
syncopate_regular_40.h
syncopate_regular_48.h
syncopate_regular_56.h
syncopate_regular_64.h
jsmath-cmmi10_8.h
jsmath-cmmi10_12.h
jsmath-cmmi10_16.h
jsmath-cmmi10_20.h
jsmath-cmmi10_24.h
jsmath-cmmi10_32.h
jsmath-cmmi10_40.h
jsmath-cmmi10_48.h
jsmath-cmmi10_56.h
jsmath-cmmi10_64.h
crushed_regular_8.h
crushed_regular_12.h
crushed_regular_16.h
crushed_regular_20.h
crushed_regular_24.h
crushed_regular_32.h
crushed_regular_40.h
crushed_regular_48.h
crushed_regular_56.h
crushed_regular_64.h
open_sans_condensed_light_8.h
open_sans_condensed_light_12.h
open_sans_condensed_light_16.h
open_sans_condensed_light_20.h
open_sans_condensed_light_24.h
open_sans_condensed_light_32.h
open_sans_condensed_light_40.h
open_sans_condensed_light_48.h
open_sans_condensed_light_56.h
open_sans_condensed_light_64.h
open_sans_condensed_light_italic_8.h
open_sans_condensed_light_italic_12.h
open_sans_condensed_light_italic_16.h
open_sans_condensed_light_italic_20.h
open_sans_condensed_light_italic_24.h
open_sans_condensed_light_italic_32.h
open_sans_condensed_light_italic_40.h
open_sans_condensed_light_italic_48.h
open_sans_condensed_light_italic_56.h
open_sans_condensed_light_italic_64.h
open_sans_condensed_bold_8.h
open_sans_condensed_bold_12.h
open_sans_condensed_bold_16.h
open_sans_condensed_bold_20.h
open_sans_condensed_bold_24.h
open_sans_condensed_bold_32.h
open_sans_condensed_bold_40.h
open_sans_condensed_bold_48.h
open_sans_condensed_bold_56.h
open_sans_condensed_bold_64.h
rochester_regular_8.h
rochester_regular_12.h
rochester_regular_16.h
rochester_regular_20.h
rochester_regular_24.h
rochester_regular_32.h
rochester_regular_40.h
rochester_regular_48.h
rochester_regular_56.h
rochester_regular_64.h
cherry_cream_soda_regular_8.h
cherry_cream_soda_regular_12.h
cherry_cream_soda_regular_16.h
cherry_cream_soda_regular_20.h
cherry_cream_soda_regular_24.h
cherry_cream_soda_regular_32.h
cherry_cream_soda_regular_40.h
cherry_cream_soda_regular_48.h
cherry_cream_soda_regular_56.h
cherry_cream_soda_regular_64.h
roboto_black_italic_8.h
roboto_black_italic_12.h
roboto_black_italic_16.h
roboto_black_italic_20.h
roboto_black_italic_24.h
roboto_black_italic_32.h
roboto_black_italic_40.h
roboto_black_italic_48.h
roboto_black_italic_56.h
roboto_black_italic_64.h
roboto_light_italic_8.h
roboto_light_italic_12.h
roboto_light_italic_16.h
roboto_light_italic_20.h
roboto_light_italic_24.h
roboto_light_italic_32.h
roboto_light_italic_40.h
roboto_light_italic_48.h
roboto_light_italic_56.h
roboto_light_italic_64.h
roboto_italic_8.h
roboto_italic_12.h
roboto_italic_16.h
roboto_italic_20.h
roboto_italic_24.h
roboto_italic_32.h
roboto_italic_40.h
roboto_italic_48.h
roboto_italic_56.h
roboto_italic_64.h
roboto_light_8.h
roboto_light_12.h
roboto_light_16.h
roboto_light_20.h
roboto_light_24.h
roboto_light_32.h
roboto_light_40.h
roboto_light_48.h
roboto_light_56.h
roboto_light_64.h
roboto_black_8.h
roboto_black_12.h
roboto_black_16.h
roboto_black_20.h
roboto_black_24.h
roboto_black_32.h
roboto_black_40.h
roboto_black_48.h
roboto_black_56.h
roboto_black_64.h
roboto_medium_8.h
roboto_medium_12.h
roboto_medium_16.h
roboto_medium_20.h
roboto_medium_24.h
roboto_medium_32.h
roboto_medium_40.h
roboto_medium_48.h
roboto_medium_56.h
roboto_medium_64.h
roboto_thin_8.h
roboto_thin_12.h
roboto_thin_16.h
roboto_thin_20.h
roboto_thin_24.h
roboto_thin_32.h
roboto_thin_40.h
roboto_thin_48.h
roboto_thin_56.h
roboto_thin_64.h
roboto_8.h
roboto_12.h
roboto_16.h
roboto_20.h
roboto_24.h
roboto_32.h
roboto_40.h
roboto_48.h
roboto_56.h
roboto_64.h
roboto_bold_8.h
roboto_bold_12.h
roboto_bold_16.h
roboto_bold_20.h
roboto_bold_24.h
roboto_bold_32.h
roboto_bold_40.h
roboto_bold_48.h
roboto_bold_56.h
roboto_bold_64.h
roboto_bold_italic_8.h
roboto_bold_italic_12.h
roboto_bold_italic_16.h
roboto_bold_italic_20.h
roboto_bold_italic_24.h
roboto_bold_italic_32.h
roboto_bold_italic_40.h
roboto_bold_italic_48.h
roboto_bold_italic_56.h
roboto_bold_italic_64.h
roboto_thin_italic_8.h
roboto_thin_italic_12.h
roboto_thin_italic_16.h
roboto_thin_italic_20.h
roboto_thin_italic_24.h
roboto_thin_italic_32.h
roboto_thin_italic_40.h
roboto_thin_italic_48.h
roboto_thin_italic_56.h
roboto_thin_italic_64.h
roboto_medium_italic_8.h
roboto_medium_italic_12.h
roboto_medium_italic_16.h
roboto_medium_italic_20.h
roboto_medium_italic_24.h
roboto_medium_italic_32.h
roboto_medium_italic_40.h
roboto_medium_italic_48.h
roboto_medium_italic_56.h
roboto_medium_italic_64.h
jsmath-cmr10_8.h
jsmath-cmr10_12.h
jsmath-cmr10_16.h
jsmath-cmr10_20.h
jsmath-cmr10_24.h
jsmath-cmr10_32.h
jsmath-cmr10_40.h
jsmath-cmr10_48.h
jsmath-cmr10_56.h
jsmath-cmr10_64.h
open_sans_semibold_8.h
open_sans_semibold_12.h
open_sans_semibold_16.h
open_sans_semibold_20.h
open_sans_semibold_24.h
open_sans_semibold_32.h
open_sans_semibold_40.h
open_sans_semibold_48.h
open_sans_semibold_56.h
open_sans_semibold_64.h
open_sans_light_italic_8.h
open_sans_light_italic_12.h
open_sans_light_italic_16.h
open_sans_light_italic_20.h
open_sans_light_italic_24.h
open_sans_light_italic_32.h
open_sans_light_italic_40.h
open_sans_light_italic_48.h
open_sans_light_italic_56.h
open_sans_light_italic_64.h
open_sans_bold_8.h
open_sans_bold_12.h
open_sans_bold_16.h
open_sans_bold_20.h
open_sans_bold_24.h
open_sans_bold_32.h
open_sans_bold_40.h
open_sans_bold_48.h
open_sans_bold_56.h
open_sans_bold_64.h
open_sans_bold_italic_8.h
open_sans_bold_italic_12.h
open_sans_bold_italic_16.h
open_sans_bold_italic_20.h
open_sans_bold_italic_24.h
open_sans_bold_italic_32.h
open_sans_bold_italic_40.h
open_sans_bold_italic_48.h
open_sans_bold_italic_56.h
open_sans_bold_italic_64.h
open_sans_semibold_italic_8.h
open_sans_semibold_italic_12.h
open_sans_semibold_italic_16.h
open_sans_semibold_italic_20.h
open_sans_semibold_italic_24.h
open_sans_semibold_italic_32.h
open_sans_semibold_italic_40.h
open_sans_semibold_italic_48.h
open_sans_semibold_italic_56.h
open_sans_semibold_italic_64.h
open_sans_italic_8.h
open_sans_italic_12.h
open_sans_italic_16.h
open_sans_italic_20.h
open_sans_italic_24.h
open_sans_italic_32.h
open_sans_italic_40.h
open_sans_italic_48.h
open_sans_italic_56.h
open_sans_italic_64.h
open_sans_regular_8.h
open_sans_regular_12.h
open_sans_regular_16.h
open_sans_regular_20.h
open_sans_regular_24.h
open_sans_regular_32.h
open_sans_regular_40.h
open_sans_regular_48.h
open_sans_regular_56.h
open_sans_regular_64.h
open_sans_extrabold_italic_8.h
open_sans_extrabold_italic_12.h
open_sans_extrabold_italic_16.h
open_sans_extrabold_italic_20.h
open_sans_extrabold_italic_24.h
open_sans_extrabold_italic_32.h
open_sans_extrabold_italic_40.h
open_sans_extrabold_italic_48.h
open_sans_extrabold_italic_56.h
open_sans_extrabold_italic_64.h
open_sans_extrabold_8.h
open_sans_extrabold_12.h
open_sans_extrabold_16.h
open_sans_extrabold_20.h
open_sans_extrabold_24.h
open_sans_extrabold_32.h
open_sans_extrabold_40.h
open_sans_extrabold_48.h
open_sans_extrabold_56.h
open_sans_extrabold_64.h
open_sans_light_8.h
open_sans_light_12.h
open_sans_light_16.h
open_sans_light_20.h
open_sans_light_24.h
open_sans_light_32.h
open_sans_light_40.h
open_sans_light_48.h
open_sans_light_56.h
open_sans_light_64.h
sunshiney_regular_8.h
sunshiney_regular_12.h
sunshiney_regular_16.h
sunshiney_regular_20.h
sunshiney_regular_24.h
sunshiney_regular_32.h
sunshiney_regular_40.h
sunshiney_regular_48.h
sunshiney_regular_56.h
sunshiney_regular_64.h
chewy_regular_8.h
chewy_regular_12.h
chewy_regular_16.h
chewy_regular_20.h
chewy_regular_24.h
chewy_regular_32.h
chewy_regular_40.h
chewy_regular_48.h
chewy_regular_56.h
chewy_regular_64.h
special_elite_regular_8.h
special_elite_regular_12.h
special_elite_regular_16.h
special_elite_regular_20.h
special_elite_regular_24.h
special_elite_regular_32.h
special_elite_regular_40.h
special_elite_regular_48.h
special_elite_regular_56.h
special_elite_regular_64.h
coming_soon_regular_8.h
coming_soon_regular_12.h
coming_soon_regular_16.h
coming_soon_regular_20.h
coming_soon_regular_24.h
coming_soon_regular_32.h
coming_soon_regular_40.h
coming_soon_regular_48.h
coming_soon_regular_56.h
coming_soon_regular_64.h
jsmath-cmex10_8.h
jsmath-cmex10_12.h
jsmath-cmex10_16.h
jsmath-cmex10_20.h
jsmath-cmex10_24.h
jsmath-cmex10_32.h
jsmath-cmex10_40.h
jsmath-cmex10_48.h
jsmath-cmex10_56.h
jsmath-cmex10_64.h
just_another_hand_regular_8.h
just_another_hand_regular_12.h
just_another_hand_regular_16.h
just_another_hand_regular_20.h
just_another_hand_regular_24.h
just_another_hand_regular_32.h
just_another_hand_regular_40.h
just_another_hand_regular_48.h
just_another_hand_regular_56.h
just_another_hand_regular_64.h
nokora_bold_8.h
nokora_bold_12.h
nokora_bold_16.h
nokora_bold_20.h
nokora_bold_24.h
nokora_bold_32.h
nokora_bold_40.h
nokora_bold_48.h
nokora_bold_56.h
nokora_bold_64.h
nokora_regular_8.h
nokora_regular_12.h
nokora_regular_16.h
nokora_regular_20.h
nokora_regular_24.h
nokora_regular_32.h
nokora_regular_40.h
nokora_regular_48.h
nokora_regular_56.h
nokora_regular_64.h
irish_grover_regular_8.h
irish_grover_regular_12.h
irish_grover_regular_16.h
irish_grover_regular_20.h
irish_grover_regular_24.h
irish_grover_regular_32.h
irish_grover_regular_40.h
irish_grover_regular_48.h
irish_grover_regular_56.h
irish_grover_regular_64.h
cousine_regular_8.h
cousine_regular_12.h
cousine_regular_16.h
cousine_regular_20.h
cousine_regular_24.h
cousine_regular_32.h
cousine_regular_40.h
cousine_regular_48.h
cousine_regular_56.h
cousine_regular_64.h
cousine_italic_8.h
cousine_italic_12.h
cousine_italic_16.h
cousine_italic_20.h
cousine_italic_24.h
cousine_italic_32.h
cousine_italic_40.h
cousine_italic_48.h
cousine_italic_56.h
cousine_italic_64.h
cousine_bold_8.h
cousine_bold_12.h
cousine_bold_16.h
cousine_bold_20.h
cousine_bold_24.h
cousine_bold_32.h
cousine_bold_40.h
cousine_bold_48.h
cousine_bold_56.h
cousine_bold_64.h
cousine_bold_italic_8.h
cousine_bold_italic_12.h
cousine_bold_italic_16.h
cousine_bold_italic_20.h
cousine_bold_italic_24.h
cousine_bold_italic_32.h
cousine_bold_italic_40.h
cousine_bold_italic_48.h
cousine_bold_italic_56.h
cousine_bold_italic_64.h
roboto_condensed_bold_8.h
roboto_condensed_bold_12.h
roboto_condensed_bold_16.h
roboto_condensed_bold_20.h
roboto_condensed_bold_24.h
roboto_condensed_bold_32.h
roboto_condensed_bold_40.h
roboto_condensed_bold_48.h
roboto_condensed_bold_56.h
roboto_condensed_bold_64.h
roboto_condensed_light_italic_8.h
roboto_condensed_light_italic_12.h
roboto_condensed_light_italic_16.h
roboto_condensed_light_italic_20.h
roboto_condensed_light_italic_24.h
roboto_condensed_light_italic_32.h
roboto_condensed_light_italic_40.h
roboto_condensed_light_italic_48.h
roboto_condensed_light_italic_56.h
roboto_condensed_light_italic_64.h
roboto_condensed_bold_italic_8.h
roboto_condensed_bold_italic_12.h
roboto_condensed_bold_italic_16.h
roboto_condensed_bold_italic_20.h
roboto_condensed_bold_italic_24.h
roboto_condensed_bold_italic_32.h
roboto_condensed_bold_italic_40.h
roboto_condensed_bold_italic_48.h
roboto_condensed_bold_italic_56.h
roboto_condensed_bold_italic_64.h
roboto_condensed_8.h
roboto_condensed_12.h
roboto_condensed_16.h
roboto_condensed_20.h
roboto_condensed_24.h
roboto_condensed_32.h
roboto_condensed_40.h
roboto_condensed_48.h
roboto_condensed_56.h
roboto_condensed_64.h
roboto_condensed_light_8.h
roboto_condensed_light_12.h
roboto_condensed_light_16.h
roboto_condensed_light_20.h
roboto_condensed_light_24.h
roboto_condensed_light_32.h
roboto_condensed_light_40.h
roboto_condensed_light_48.h
roboto_condensed_light_56.h
roboto_condensed_light_64.h
roboto_condensed_italic_8.h
roboto_condensed_italic_12.h
roboto_condensed_italic_16.h
roboto_condensed_italic_20.h
roboto_condensed_italic_24.h
roboto_condensed_italic_32.h
roboto_condensed_italic_40.h
roboto_condensed_italic_48.h
roboto_condensed_italic_56.h
roboto_condensed_italic_64.h
crafty_girls_regular_8.h
crafty_girls_regular_12.h
crafty_girls_regular_16.h
crafty_girls_regular_20.h
crafty_girls_regular_24.h
crafty_girls_regular_32.h
crafty_girls_regular_40.h
crafty_girls_regular_48.h
crafty_girls_regular_56.h
crafty_girls_regular_64.h
====================================================================
